[dotenv@17.2.1] injecting env (5) from .env -- tip: 📡 version env with Radar: https://dotenvx.com/radar
Server startup beginning...
🚀 Server is running on http://localhost:3000
Connected to the SQLite database.
heartbeat - server running
heartbeat - server running
heartbeat - server running
heartbeat - server running
heartbeat - server running
heartbeat - server running
heartbeat - server running
heartbeat - server running
heartbeat - server running
heartbeat - server running
heartbeat - server running
heartbeat - server running
heartbeat - server running
heartbeat - server running
heartbeat - server running
heartbeat - server running
heartbeat - server running
heartbeat - server running
heartbeat - server running
heartbeat - server running
heartbeat - server running
heartbeat - server running
heartbeat - server running
heartbeat - server running
heartbeat - server running
heartbeat - server running
heartbeat - server running
heartbeat - server running
heartbeat - server running
heartbeat - server running
heartbeat - server running
heartbeat - server running
heartbeat - server running
heartbeat - server running
heartbeat - server running
heartbeat - server running
heartbeat - server running
heartbeat - server running
heartbeat - server running
heartbeat - server running
heartbeat - server running
heartbeat - server running
heartbeat - server running
heartbeat - server running
heartbeat - server running
heartbeat - server running
heartbeat - server running
heartbeat - server running
heartbeat - server running
heartbeat - server running
heartbeat - server running
heartbeat - server running
heartbeat - server running
heartbeat - server running
heartbeat - server running
heartbeat - server running
heartbeat - server running
heartbeat - server running
heartbeat - server running
heartbeat - server running
heartbeat - server running
heartbeat - server running
heartbeat - server running
heartbeat - server running
heartbeat - server running
heartbeat - server running
heartbeat - server running
heartbeat - server running
heartbeat - server running
heartbeat - server running
heartbeat - server running
heartbeat - server running
heartbeat - server running
heartbeat - server running
heartbeat - server running
heartbeat - server running
SIGTERM received - exiting
Process exiting with code 0
